nohup: ignoring input
warning: `VIRTUAL_ENV=/home/bhuvan/.venv` does not match the project environment path `.venv` and will be ignored; use `--active` to target the active environment instead
Successfully imported all task modules
 
 -------------- celery@archlinux v5.5.2 (immunity)
--- ***** ----- 
-- ******* ---- Linux-6.14.10-arch1-1-x86_64-with-glibc2.41 2025-06-07 14:57:44
- *** --- * --- 
- ** ---------- [config]
- ** ---------- .> app:         corpus-te:0x7fc61c8f2900
- ** ---------- .> transport:   redis://localhost:6379/0
- ** ---------- .> results:     redis://localhost:6379/0
- *** --- * --- .> concurrency: 1 (prefork)
-- ******* ---- .> task events: OFF (enable -E to monitor tasks in this worker)
--- ***** ----- 
 -------------- [queues]
                .> data_analysis    exchange=default(direct) key=default
                .> default          exchange=default(direct) key=default
                .> file_processing  exchange=default(direct) key=default
                .> notifications    exchange=default(direct) key=default

[tasks]
  . app.tasks.data_analysis.analyze_audio_content
  . app.tasks.data_analysis.batch_language_detection
  . app.tasks.data_analysis.generate_corpus_statistics
  . app.tasks.file_processing.batch_process_files
  . app.tasks.file_processing.process_audio_file
  . app.tasks.file_processing.upload_to_storage
  . app.tasks.maintenance.backup_database
  . app.tasks.maintenance.cleanup_old_files
  . app.tasks.maintenance.health_check
  . app.tasks.maintenance.optimize_database
  . app.tasks.notifications.send_bulk_notification
  . app.tasks.notifications.send_email
  . app.tasks.notifications.send_processing_complete_notification
  . app.tasks.notifications.send_system_alert
  . app.tasks.reports.export_user_data
  . app.tasks.reports.generate_daily_report
  . app.tasks.reports.generate_system_health_report
  . app.tasks.reports.generate_user_report

[2025-06-07 14:57:44,753: INFO/MainProcess] Connected to redis://localhost:6379/0
[2025-06-07 14:57:44,755: INFO/MainProcess] mingle: searching for neighbors
[2025-06-07 14:57:45,768: INFO/MainProcess] mingle: all alone
[2025-06-07 14:57:45,785: INFO/MainProcess] celery@archlinux ready.
[2025-06-07 14:57:45,787: INFO/MainProcess] Task app.tasks.maintenance.health_check[44f89e8e-faf4-4aed-b258-0720b93e1140] received
[2025-06-07 14:57:45,791: INFO/ForkPoolWorker-1] Starting system health check
[2025-06-07 14:57:45,800: INFO/ForkPoolWorker-1] Database health check: OK
[2025-06-07 14:57:47,077: INFO/ForkPoolWorker-1] Storage health check: OK
[2025-06-07 14:57:47,081: INFO/ForkPoolWorker-1] Redis health check: OK
[2025-06-07 14:57:47,082: INFO/ForkPoolWorker-1] Disk space check: 24.1% free
[2025-06-07 14:57:47,082: INFO/ForkPoolWorker-1] Health check completed: healthy
[2025-06-07 14:57:47,085: INFO/ForkPoolWorker-1] Task app.tasks.maintenance.health_check[44f89e8e-faf4-4aed-b258-0720b93e1140] succeeded in 1.2973756359999697s: {'status': 'success', 'health_status': {'database': 'healthy', 'storage': 'healthy', 'redis': 'healthy', 'disk_space': 'healthy', 'overall': 'healthy'}, 'issues': [], 'check_time': '2025-06-07T09:27:47.082265'}
[2025-06-07 14:57:47,087: INFO/MainProcess] Task app.tasks.data_analysis.generate_corpus_statistics[83a3202a-cdae-49ae-961d-087ff82cc308] received
[2025-06-07 14:57:47,088: INFO/ForkPoolWorker-1] Generating corpus statistics for user all users
[2025-06-07 14:57:47,110: INFO/ForkPoolWorker-1] Statistics generated: 6 records analyzed
[2025-06-07 14:57:47,112: INFO/ForkPoolWorker-1] Task app.tasks.data_analysis.generate_corpus_statistics[83a3202a-cdae-49ae-961d-087ff82cc308] succeeded in 0.024944092000168894s: {'status': 'success', 'statistics': {'total_records': 6, 'processed_records': 5, 'processing_rate_percent': 83.33, 'total_duration_seconds': 0, 'average_duration_seconds': 0.0, 'file_type_distribution': {'text': 2, 'audio': 1, 'video': 1, 'image': 2}, 'language_distribution': {}, 'generated_at': '2025-06-07T09:27:47.110302'}, 'user_id': None}
[2025-06-07 14:58:06,650: INFO/MainProcess] Task app.tasks.maintenance.health_check[a3b1d484-269f-4866-bd3c-e1bbb67510a0] received
[2025-06-07 14:58:06,651: INFO/ForkPoolWorker-1] Starting system health check
[2025-06-07 14:58:06,651: INFO/ForkPoolWorker-1] Database health check: OK
[2025-06-07 14:58:07,963: INFO/ForkPoolWorker-1] Storage health check: OK
[2025-06-07 14:58:07,964: INFO/ForkPoolWorker-1] Redis health check: OK
[2025-06-07 14:58:07,964: INFO/ForkPoolWorker-1] Disk space check: 24.1% free
[2025-06-07 14:58:07,964: INFO/ForkPoolWorker-1] Health check completed: healthy
[2025-06-07 14:58:07,965: INFO/ForkPoolWorker-1] Task app.tasks.maintenance.health_check[a3b1d484-269f-4866-bd3c-e1bbb67510a0] succeeded in 1.3151691639998262s: {'status': 'success', 'health_status': {'database': 'healthy', 'storage': 'healthy', 'redis': 'healthy', 'disk_space': 'healthy', 'overall': 'healthy'}, 'issues': [], 'check_time': '2025-06-07T09:28:07.964361'}
[2025-06-07 14:58:08,653: INFO/MainProcess] Task app.tasks.data_analysis.generate_corpus_statistics[ac4659d9-bdb9-4f76-b018-1f434047dbeb] received
[2025-06-07 14:58:08,654: INFO/ForkPoolWorker-1] Generating corpus statistics for user all users
[2025-06-07 14:58:08,655: INFO/ForkPoolWorker-1] Statistics generated: 6 records analyzed
[2025-06-07 14:58:08,656: INFO/ForkPoolWorker-1] Task app.tasks.data_analysis.generate_corpus_statistics[ac4659d9-bdb9-4f76-b018-1f434047dbeb] succeeded in 0.002620325999941997s: {'status': 'success', 'statistics': {'total_records': 6, 'processed_records': 5, 'processing_rate_percent': 83.33, 'total_duration_seconds': 0, 'average_duration_seconds': 0.0, 'file_type_distribution': {'text': 2, 'audio': 1, 'video': 1, 'image': 2}, 'language_distribution': {}, 'generated_at': '2025-06-07T09:28:08.655504'}, 'user_id': None}
[2025-06-07 14:58:19,792: INFO/MainProcess] Task app.tasks.maintenance.health_check[0c41d2bd-8b46-4da3-ab16-04acd62725db] received
[2025-06-07 14:58:19,793: INFO/ForkPoolWorker-1] Starting system health check
[2025-06-07 14:58:19,794: INFO/ForkPoolWorker-1] Database health check: OK
[2025-06-07 14:58:20,864: INFO/ForkPoolWorker-1] Storage health check: OK
[2025-06-07 14:58:20,865: INFO/ForkPoolWorker-1] Redis health check: OK
[2025-06-07 14:58:20,865: INFO/ForkPoolWorker-1] Disk space check: 24.1% free
[2025-06-07 14:58:20,865: INFO/ForkPoolWorker-1] Health check completed: healthy
[2025-06-07 14:58:20,867: INFO/ForkPoolWorker-1] Task app.tasks.maintenance.health_check[0c41d2bd-8b46-4da3-ab16-04acd62725db] succeeded in 1.0749784180000006s: {'status': 'success', 'health_status': {'database': 'healthy', 'storage': 'healthy', 'redis': 'healthy', 'disk_space': 'healthy', 'overall': 'healthy'}, 'issues': [], 'check_time': '2025-06-07T09:28:20.865496'}
